<?xml version="1.0" encoding="UTF-8"?>
<!-- Generated by org.testng.reporters.JUnitReportReporter -->
<testsuite hostname="k3mShIrOs-MBP" name="webdriver.Topic_01_Check_Selenium" tests="3" failures="0" timestamp="11 Sep 2020 15:30:12 GMT" time="0.066" errors="0">
  <testcase name="TC_03_LoginFormDisplayed" time="0.049" classname="webdriver.Topic_01_Check_Selenium"/>
  <testcase name="TC_02_ValidatePageTitle" time="0.006" classname="webdriver.Topic_01_Check_Selenium"/>
  <testcase name="TC_01_ValidateCurrentUrl" time="0.011" classname="webdriver.Topic_01_Check_Selenium"/>
</testsuite> <!-- webdriver.Topic_01_Check_Selenium -->
