<?xml version="1.0" encoding="UTF-8"?>
<!-- Generated by org.testng.reporters.JUnitReportReporter -->
<testsuite hostname="k3mShIrOs-MBP" name="webdriver.Topic_02_Firefox_Chrome_Edge" tests="3" failures="0" timestamp="11 Sep 2020 16:24:10 GMT" time="21.824" errors="0">
  <testcase name="TC_03_Run_On_Edge" time="9.716" classname="webdriver.Topic_02_Firefox_Chrome_Edge"/>
  <testcase name="TC_01_Run_On_Firefox" time="4.986" classname="webdriver.Topic_02_Firefox_Chrome_Edge"/>
  <testcase name="TC_02_Run_On_Chrome" time="7.122" classname="webdriver.Topic_02_Firefox_Chrome_Edge"/>
</testsuite> <!-- webdriver.Topic_02_Firefox_Chrome_Edge -->
